2020-11-19T10:08:04+00:00 CRITICAL Uncaught Error: Call to a member function isGroup() on null in /srv/disk13/3655770/www/southerngovern.atwebpages.com/wp-content/plugins/smart-slider-3/Nextend/SmartSlider3/Application/Frontend/Slider/ViewIframe.php:39
Stack trace:
#0 /srv/disk13/3655770/www/southerngovern.atwebpages.com/wp-content/plugins/smart-slider-3/Nextend/SmartSlider3/Application/Frontend/Slider/ControllerPreRenderSlider.php(32): Nextend\SmartSlider3\Application\Frontend\Slider\ViewIframe->display()
#1 [internal function]: Nextend\SmartSlider3\Application\Frontend\Slider\ControllerPreRenderSlider->actionIframe()
#2 /srv/disk13/3655770/www/southerngovern.atwebpages.com/wp-content/plugins/smart-slider-3/Nextend/Framework/Controller/AbstractController.php(93): call_user_func_array(Array, Array)
#3 /srv/disk13/3655770/www/southerngovern.atwebpages.com/wp-content/plugins/smart-slider-3/Nextend/Framework/Application/AbstractApplicationType.php(88): Nextend\Framework\Controller\AbstractController->doAction('iframe', Array)
#4 /srv/disk13/36557 in /srv/disk13/3655770/www/southerngovern.atwebpages.com/wp-content/plugins/smart-slider-3/Nextend/SmartSlider3/Application/Frontend/Slider/ViewIframe.php on line 39

2020-11-19T10:08:59+00:00 CRITICAL Uncaught Error: Call to a member function isGroup() on null in /srv/disk13/3655770/www/southerngovern.atwebpages.com/wp-content/plugins/smart-slider-3/Nextend/SmartSlider3/Application/Frontend/Slider/ViewIframe.php:39
Stack trace:
#0 /srv/disk13/3655770/www/southerngovern.atwebpages.com/wp-content/plugins/smart-slider-3/Nextend/SmartSlider3/Application/Frontend/Slider/ControllerPreRenderSlider.php(32): Nextend\SmartSlider3\Application\Frontend\Slider\ViewIframe->display()
#1 [internal function]: Nextend\SmartSlider3\Application\Frontend\Slider\ControllerPreRenderSlider->actionIframe()
#2 /srv/disk13/3655770/www/southerngovern.atwebpages.com/wp-content/plugins/smart-slider-3/Nextend/Framework/Controller/AbstractController.php(93): call_user_func_array(Array, Array)
#3 /srv/disk13/3655770/www/southerngovern.atwebpages.com/wp-content/plugins/smart-slider-3/Nextend/Framework/Application/AbstractApplicationType.php(88): Nextend\Framework\Controller\AbstractController->doAction('iframe', Array)
#4 /srv/disk13/36557 in /srv/disk13/3655770/www/southerngovern.atwebpages.com/wp-content/plugins/smart-slider-3/Nextend/SmartSlider3/Application/Frontend/Slider/ViewIframe.php on line 39

2020-11-19T10:15:00+00:00 CRITICAL Uncaught Error: Call to a member function isGroup() on null in /srv/disk13/3655770/www/southerngovern.atwebpages.com/wp-content/plugins/smart-slider-3/Nextend/SmartSlider3/Application/Frontend/Slider/ViewIframe.php:39
Stack trace:
#0 /srv/disk13/3655770/www/southerngovern.atwebpages.com/wp-content/plugins/smart-slider-3/Nextend/SmartSlider3/Application/Frontend/Slider/ControllerPreRenderSlider.php(32): Nextend\SmartSlider3\Application\Frontend\Slider\ViewIframe->display()
#1 [internal function]: Nextend\SmartSlider3\Application\Frontend\Slider\ControllerPreRenderSlider->actionIframe()
#2 /srv/disk13/3655770/www/southerngovern.atwebpages.com/wp-content/plugins/smart-slider-3/Nextend/Framework/Controller/AbstractController.php(93): call_user_func_array(Array, Array)
#3 /srv/disk13/3655770/www/southerngovern.atwebpages.com/wp-content/plugins/smart-slider-3/Nextend/Framework/Application/AbstractApplicationType.php(88): Nextend\Framework\Controller\AbstractController->doAction('iframe', Array)
#4 /srv/disk13/36557 in /srv/disk13/3655770/www/southerngovern.atwebpages.com/wp-content/plugins/smart-slider-3/Nextend/SmartSlider3/Application/Frontend/Slider/ViewIframe.php on line 39

2020-11-19T10:16:12+00:00 CRITICAL Uncaught Error: Call to a member function isGroup() on null in /srv/disk13/3655770/www/southerngovern.atwebpages.com/wp-content/plugins/smart-slider-3/Nextend/SmartSlider3/Application/Frontend/Slider/ViewIframe.php:39
Stack trace:
#0 /srv/disk13/3655770/www/southerngovern.atwebpages.com/wp-content/plugins/smart-slider-3/Nextend/SmartSlider3/Application/Frontend/Slider/ControllerPreRenderSlider.php(32): Nextend\SmartSlider3\Application\Frontend\Slider\ViewIframe->display()
#1 [internal function]: Nextend\SmartSlider3\Application\Frontend\Slider\ControllerPreRenderSlider->actionIframe()
#2 /srv/disk13/3655770/www/southerngovern.atwebpages.com/wp-content/plugins/smart-slider-3/Nextend/Framework/Controller/AbstractController.php(93): call_user_func_array(Array, Array)
#3 /srv/disk13/3655770/www/southerngovern.atwebpages.com/wp-content/plugins/smart-slider-3/Nextend/Framework/Application/AbstractApplicationType.php(88): Nextend\Framework\Controller\AbstractController->doAction('iframe', Array)
#4 /srv/disk13/36557 in /srv/disk13/3655770/www/southerngovern.atwebpages.com/wp-content/plugins/smart-slider-3/Nextend/SmartSlider3/Application/Frontend/Slider/ViewIframe.php on line 39

2020-11-19T15:57:58+00:00 CRITICAL Uncaught Error: Call to a member function isGroup() on null in /srv/disk13/3655770/www/southerngovern.atwebpages.com/wp-content/plugins/smart-slider-3/Nextend/SmartSlider3/Application/Frontend/Slider/ViewIframe.php:39
Stack trace:
#0 /srv/disk13/3655770/www/southerngovern.atwebpages.com/wp-content/plugins/smart-slider-3/Nextend/SmartSlider3/Application/Frontend/Slider/ControllerPreRenderSlider.php(32): Nextend\SmartSlider3\Application\Frontend\Slider\ViewIframe->display()
#1 [internal function]: Nextend\SmartSlider3\Application\Frontend\Slider\ControllerPreRenderSlider->actionIframe()
#2 /srv/disk13/3655770/www/southerngovern.atwebpages.com/wp-content/plugins/smart-slider-3/Nextend/Framework/Controller/AbstractController.php(93): call_user_func_array(Array, Array)
#3 /srv/disk13/3655770/www/southerngovern.atwebpages.com/wp-content/plugins/smart-slider-3/Nextend/Framework/Application/AbstractApplicationType.php(88): Nextend\Framework\Controller\AbstractController->doAction('iframe', Array)
#4 /srv/disk13/36557 in /srv/disk13/3655770/www/southerngovern.atwebpages.com/wp-content/plugins/smart-slider-3/Nextend/SmartSlider3/Application/Frontend/Slider/ViewIframe.php on line 39

