2020-11-27T09:02:15+00:00 CRITICAL Allowed memory size of 536870912 bytes exhausted (tried to allocate 212992 bytes) in C:\Bitnami\wordpress-5.5.3-0\apps\wordpress\htdocs\wp-includes\wp-db.php on line 1999

2020-11-27T09:02:18+00:00 CRITICAL Allowed memory size of 536870912 bytes exhausted (tried to allocate 163840 bytes) in C:\Bitnami\wordpress-5.5.3-0\apps\wordpress\htdocs\wp-includes\wp-db.php on line 1999

2020-11-27T09:29:06+00:00 CRITICAL Allowed memory size of 536870912 bytes exhausted (tried to allocate 266240 bytes) in C:\Bitnami\wordpress-5.5.3-0\apps\wordpress\htdocs\wp-includes\wp-db.php on line 1999

2020-11-27T09:29:46+00:00 CRITICAL Allowed memory size of 536870912 bytes exhausted (tried to allocate 212992 bytes) in C:\Bitnami\wordpress-5.5.3-0\apps\wordpress\htdocs\wp-includes\wp-db.php on line 1999

2020-11-27T09:29:48+00:00 CRITICAL Allowed memory size of 536870912 bytes exhausted (tried to allocate 266240 bytes) in C:\Bitnami\wordpress-5.5.3-0\apps\wordpress\htdocs\wp-includes\wp-db.php on line 1999

2020-11-27T09:29:51+00:00 CRITICAL Allowed memory size of 536870912 bytes exhausted (tried to allocate 163840 bytes) in C:\Bitnami\wordpress-5.5.3-0\apps\wordpress\htdocs\wp-includes\wp-db.php on line 1999

2020-11-27T09:30:45+00:00 CRITICAL Allowed memory size of 536870912 bytes exhausted (tried to allocate 221184 bytes) in C:\Bitnami\wordpress-5.5.3-0\apps\wordpress\htdocs\wp-includes\wp-db.php on line 1999

2020-11-27T09:30:48+00:00 CRITICAL Allowed memory size of 536870912 bytes exhausted (tried to allocate 212992 bytes) in C:\Bitnami\wordpress-5.5.3-0\apps\wordpress\htdocs\wp-includes\wp-db.php on line 1999

2020-11-27T09:30:50+00:00 CRITICAL Allowed memory size of 536870912 bytes exhausted (tried to allocate 167936 bytes) in C:\Bitnami\wordpress-5.5.3-0\apps\wordpress\htdocs\wp-includes\wp-db.php on line 1999

2020-11-27T09:32:01+00:00 CRITICAL Allowed memory size of 536870912 bytes exhausted (tried to allocate 212992 bytes) in C:\Bitnami\wordpress-5.5.3-0\apps\wordpress\htdocs\wp-includes\wp-db.php on line 1999

2020-11-27T09:32:48+00:00 CRITICAL Allowed memory size of 536870912 bytes exhausted (tried to allocate 212992 bytes) in C:\Bitnami\wordpress-5.5.3-0\apps\wordpress\htdocs\wp-includes\wp-db.php on line 1999

2020-11-27T09:32:50+00:00 CRITICAL Allowed memory size of 536870912 bytes exhausted (tried to allocate 163840 bytes) in C:\Bitnami\wordpress-5.5.3-0\apps\wordpress\htdocs\wp-includes\wp-db.php on line 1999

2020-11-27T09:35:01+00:00 CRITICAL Allowed memory size of 536870912 bytes exhausted (tried to allocate 212992 bytes) in C:\Bitnami\wordpress-5.5.3-0\apps\wordpress\htdocs\wp-includes\wp-db.php on line 1999

2020-11-27T09:35:04+00:00 CRITICAL Allowed memory size of 536870912 bytes exhausted (tried to allocate 212992 bytes) in C:\Bitnami\wordpress-5.5.3-0\apps\wordpress\htdocs\wp-includes\wp-db.php on line 1999

2020-11-27T09:35:06+00:00 CRITICAL Allowed memory size of 536870912 bytes exhausted (tried to allocate 163840 bytes) in C:\Bitnami\wordpress-5.5.3-0\apps\wordpress\htdocs\wp-includes\wp-db.php on line 1999

2020-11-27T09:38:57+00:00 CRITICAL Allowed memory size of 536870912 bytes exhausted (tried to allocate 212992 bytes) in C:\Bitnami\wordpress-5.5.3-0\apps\wordpress\htdocs\wp-includes\wp-db.php on line 1999

2020-11-27T09:39:35+00:00 CRITICAL Allowed memory size of 536870912 bytes exhausted (tried to allocate 221184 bytes) in C:\Bitnami\wordpress-5.5.3-0\apps\wordpress\htdocs\wp-includes\wp-db.php on line 1999

2020-11-27T09:39:38+00:00 CRITICAL Allowed memory size of 536870912 bytes exhausted (tried to allocate 212992 bytes) in C:\Bitnami\wordpress-5.5.3-0\apps\wordpress\htdocs\wp-includes\wp-db.php on line 1999

2020-11-27T09:41:08+00:00 CRITICAL Allowed memory size of 536870912 bytes exhausted (tried to allocate 192512 bytes) in C:\Bitnami\wordpress-5.5.3-0\apps\wordpress\htdocs\wp-includes\wp-db.php on line 1999

2020-11-27T09:43:47+00:00 CRITICAL Allowed memory size of 536870912 bytes exhausted (tried to allocate 192512 bytes) in C:\Bitnami\wordpress-5.5.3-0\apps\wordpress\htdocs\wp-includes\wp-db.php on line 1999

2020-11-27T09:51:25+00:00 CRITICAL Allowed memory size of 536870912 bytes exhausted (tried to allocate 192512 bytes) in C:\Bitnami\wordpress-5.5.3-0\apps\wordpress\htdocs\wp-includes\wp-db.php on line 1999

2020-11-27T09:51:27+00:00 CRITICAL Allowed memory size of 536870912 bytes exhausted (tried to allocate 192512 bytes) in C:\Bitnami\wordpress-5.5.3-0\apps\wordpress\htdocs\wp-includes\wp-db.php on line 1999

2020-11-27T09:52:46+00:00 CRITICAL Allowed memory size of 536870912 bytes exhausted (tried to allocate 212992 bytes) in C:\Bitnami\wordpress-5.5.3-0\apps\wordpress\htdocs\wp-includes\wp-db.php on line 1999

2020-11-27T09:57:32+00:00 CRITICAL Allowed memory size of 536870912 bytes exhausted (tried to allocate 212992 bytes) in C:\Bitnami\wordpress-5.5.3-0\apps\wordpress\htdocs\wp-includes\wp-db.php on line 1999

2020-11-27T09:57:34+00:00 CRITICAL Allowed memory size of 536870912 bytes exhausted (tried to allocate 172032 bytes) in C:\Bitnami\wordpress-5.5.3-0\apps\wordpress\htdocs\wp-includes\wp-db.php on line 1999

2020-11-27T10:07:38+00:00 CRITICAL Allowed memory size of 536870912 bytes exhausted (tried to allocate 192512 bytes) in C:\Bitnami\wordpress-5.5.3-0\apps\wordpress\htdocs\wp-includes\wp-db.php on line 1999

2020-11-27T10:07:40+00:00 CRITICAL Allowed memory size of 536870912 bytes exhausted (tried to allocate 163840 bytes) in C:\Bitnami\wordpress-5.5.3-0\apps\wordpress\htdocs\wp-includes\wp-db.php on line 1999

2020-11-27T10:09:55+00:00 CRITICAL Allowed memory size of 536870912 bytes exhausted (tried to allocate 172032 bytes) in C:\Bitnami\wordpress-5.5.3-0\apps\wordpress\htdocs\wp-includes\wp-db.php on line 1999

2020-11-27T10:11:27+00:00 CRITICAL Allowed memory size of 536870912 bytes exhausted (tried to allocate 192512 bytes) in C:\Bitnami\wordpress-5.5.3-0\apps\wordpress\htdocs\wp-includes\wp-db.php on line 1999

2020-11-27T10:14:18+00:00 CRITICAL Allowed memory size of 536870912 bytes exhausted (tried to allocate 172032 bytes) in C:\Bitnami\wordpress-5.5.3-0\apps\wordpress\htdocs\wp-includes\wp-db.php on line 1999

2020-11-27T10:14:27+00:00 CRITICAL Allowed memory size of 536870912 bytes exhausted (tried to allocate 286720 bytes) in C:\Bitnami\wordpress-5.5.3-0\apps\wordpress\htdocs\wp-includes\wp-db.php on line 1999

2020-11-27T10:20:07+00:00 CRITICAL Allowed memory size of 536870912 bytes exhausted (tried to allocate 172032 bytes) in C:\Bitnami\wordpress-5.5.3-0\apps\wordpress\htdocs\wp-includes\wp-db.php on line 1999

2020-11-27T10:25:13+00:00 CRITICAL Allowed memory size of 536870912 bytes exhausted (tried to allocate 172032 bytes) in C:\Bitnami\wordpress-5.5.3-0\apps\wordpress\htdocs\wp-includes\wp-db.php on line 1999

2020-11-27T10:27:31+00:00 CRITICAL Allowed memory size of 536870912 bytes exhausted (tried to allocate 172032 bytes) in C:\Bitnami\wordpress-5.5.3-0\apps\wordpress\htdocs\wp-includes\wp-db.php on line 1999

2020-11-27T10:30:29+00:00 CRITICAL Allowed memory size of 536870912 bytes exhausted (tried to allocate 151552 bytes) in C:\Bitnami\wordpress-5.5.3-0\apps\wordpress\htdocs\wp-includes\wp-db.php on line 1999

2020-11-27T10:33:07+00:00 CRITICAL Allowed memory size of 536870912 bytes exhausted (tried to allocate 151552 bytes) in C:\Bitnami\wordpress-5.5.3-0\apps\wordpress\htdocs\wp-includes\wp-db.php on line 1999

2020-11-27T10:34:50+00:00 CRITICAL Allowed memory size of 536870912 bytes exhausted (tried to allocate 151552 bytes) in C:\Bitnami\wordpress-5.5.3-0\apps\wordpress\htdocs\wp-includes\wp-db.php on line 1999

2020-11-27T10:41:24+00:00 CRITICAL Allowed memory size of 536870912 bytes exhausted (tried to allocate 151552 bytes) in C:\Bitnami\wordpress-5.5.3-0\apps\wordpress\htdocs\wp-includes\wp-db.php on line 1999

2020-11-27T10:41:27+00:00 CRITICAL Allowed memory size of 536870912 bytes exhausted (tried to allocate 131072 bytes) in C:\Bitnami\wordpress-5.5.3-0\apps\wordpress\htdocs\wp-includes\wp-db.php on line 1999

2020-11-27T10:43:19+00:00 CRITICAL Allowed memory size of 536870912 bytes exhausted (tried to allocate 110592 bytes) in C:\Bitnami\wordpress-5.5.3-0\apps\wordpress\htdocs\wp-includes\wp-db.php on line 1999

2020-11-27T10:43:22+00:00 CRITICAL Uncaught TypeError: Argument 2 passed to Elementor\TemplateLibrary\Source_Local::on_save_post() must be an instance of WP_Post, instance of stdClass given, called in C:\Bitnami\wordpress-5.5.3-0\apps\wordpress\htdocs\wp-includes\class-wp-hook.php on line 289 and defined in C:\Bitnami\wordpress-5.5.3-0\apps\wordpress\htdocs\wp-content\plugins\elementor\includes\template-library\sources\local.php:1086
Stack trace:
#0 C:\Bitnami\wordpress-5.5.3-0\apps\wordpress\htdocs\wp-includes\class-wp-hook.php(289): Elementor\TemplateLibrary\Source_Local->on_save_post()
#1 C:\Bitnami\wordpress-5.5.3-0\apps\wordpress\htdocs\wp-includes\class-wp-hook.php(311): WP_Hook->apply_filters()
#2 C:\Bitnami\wordpress-5.5.3-0\apps\wordpress\htdocs\wp-includes\plugin.php(478): WP_Hook->do_action()
#3 C:\Bitnami\wordpress-5.5.3-0\apps\wordpress\htdocs\wp-includes\post.php(4260): do_action()
#4 C:\Bitnami\wordpress-5.5.3-0\apps\wordpress\htdocs\wp-includes\post.php(4354): wp_insert_post()
#5 C:\Bitnami\wordpress-5.5.3-0\apps\wordpress\htdo in C:\Bitnami\wordpress-5.5.3-0\apps\wordpress\htdocs\wp-content\plugins\elementor\includes\template-library\sources\local.php on line 1086

2020-11-27T10:43:27+00:00 CRITICAL Allowed memory size of 536870912 bytes exhausted (tried to allocate 282624 bytes) in C:\Bitnami\wordpress-5.5.3-0\apps\wordpress\htdocs\wp-includes\wp-db.php on line 1999

2020-11-27T10:43:31+00:00 CRITICAL Allowed memory size of 536870912 bytes exhausted (tried to allocate 90112 bytes) in C:\Bitnami\wordpress-5.5.3-0\apps\wordpress\htdocs\wp-includes\wp-db.php on line 1999

2020-11-27T10:44:53+00:00 CRITICAL Allowed memory size of 536870912 bytes exhausted (tried to allocate 212992 bytes) in C:\Bitnami\wordpress-5.5.3-0\apps\wordpress\htdocs\wp-includes\wp-db.php on line 1999

2020-11-27T10:45:25+00:00 CRITICAL Allowed memory size of 536870912 bytes exhausted (tried to allocate 163840 bytes) in C:\Bitnami\wordpress-5.5.3-0\apps\wordpress\htdocs\wp-includes\wp-db.php on line 1999

2020-11-27T10:47:48+00:00 CRITICAL Allowed memory size of 536870912 bytes exhausted (tried to allocate 86016 bytes) in C:\Bitnami\wordpress-5.5.3-0\apps\wordpress\htdocs\wp-includes\wp-db.php on line 1999

2020-11-27T10:52:01+00:00 CRITICAL Allowed memory size of 536870912 bytes exhausted (tried to allocate 90112 bytes) in C:\Bitnami\wordpress-5.5.3-0\apps\wordpress\htdocs\wp-includes\wp-db.php on line 1999

2020-11-27T10:54:14+00:00 CRITICAL Allowed memory size of 536870912 bytes exhausted (tried to allocate 163840 bytes) in C:\Bitnami\wordpress-5.5.3-0\apps\wordpress\htdocs\wp-includes\wp-db.php on line 1999

2020-11-27T10:55:24+00:00 CRITICAL Allowed memory size of 536870912 bytes exhausted (tried to allocate 237568 bytes) in C:\Bitnami\wordpress-5.5.3-0\apps\wordpress\htdocs\wp-includes\wp-db.php on line 1999

2020-11-27T10:56:02+00:00 CRITICAL Allowed memory size of 536870912 bytes exhausted (tried to allocate 131072 bytes) in C:\Bitnami\wordpress-5.5.3-0\apps\wordpress\htdocs\wp-includes\wp-db.php on line 1999

2020-11-27T10:56:43+00:00 CRITICAL Allowed memory size of 536870912 bytes exhausted (tried to allocate 163840 bytes) in C:\Bitnami\wordpress-5.5.3-0\apps\wordpress\htdocs\wp-includes\wp-db.php on line 1999

2020-11-27T10:57:27+00:00 CRITICAL Allowed memory size of 536870912 bytes exhausted (tried to allocate 163840 bytes) in C:\Bitnami\wordpress-5.5.3-0\apps\wordpress\htdocs\wp-includes\wp-db.php on line 1999

2020-11-27T10:58:12+00:00 CRITICAL Allowed memory size of 536870912 bytes exhausted (tried to allocate 217088 bytes) in C:\Bitnami\wordpress-5.5.3-0\apps\wordpress\htdocs\wp-includes\wp-db.php on line 1999

2020-11-27T10:59:04+00:00 CRITICAL Allowed memory size of 536870912 bytes exhausted (tried to allocate 225280 bytes) in C:\Bitnami\wordpress-5.5.3-0\apps\wordpress\htdocs\wp-includes\wp-db.php on line 1999

2020-11-27T11:00:28+00:00 CRITICAL Allowed memory size of 536870912 bytes exhausted (tried to allocate 225280 bytes) in C:\Bitnami\wordpress-5.5.3-0\apps\wordpress\htdocs\wp-includes\wp-db.php on line 1999

2020-11-27T11:00:31+00:00 CRITICAL Allowed memory size of 536870912 bytes exhausted (tried to allocate 172032 bytes) in C:\Bitnami\wordpress-5.5.3-0\apps\wordpress\htdocs\wp-includes\wp-db.php on line 1999

2020-11-27T11:06:50+00:00 CRITICAL Allowed memory size of 536870912 bytes exhausted (tried to allocate 86016 bytes) in C:\Bitnami\wordpress-5.5.3-0\apps\wordpress\htdocs\wp-includes\wp-db.php on line 1999

2020-11-27T11:08:41+00:00 CRITICAL Allowed memory size of 536870912 bytes exhausted (tried to allocate 94208 bytes) in C:\Bitnami\wordpress-5.5.3-0\apps\wordpress\htdocs\wp-includes\wp-db.php on line 1999

2020-11-27T11:08:44+00:00 CRITICAL Allowed memory size of 536870912 bytes exhausted (tried to allocate 282624 bytes) in C:\Bitnami\wordpress-5.5.3-0\apps\wordpress\htdocs\wp-includes\wp-db.php on line 1999

2020-11-27T11:09:40+00:00 CRITICAL Allowed memory size of 536870912 bytes exhausted (tried to allocate 225280 bytes) in C:\Bitnami\wordpress-5.5.3-0\apps\wordpress\htdocs\wp-includes\wp-db.php on line 1999

2020-11-27T11:10:29+00:00 CRITICAL Allowed memory size of 536870912 bytes exhausted (tried to allocate 86016 bytes) in C:\Bitnami\wordpress-5.5.3-0\apps\wordpress\htdocs\wp-includes\wp-db.php on line 1999

2020-11-27T11:10:31+00:00 CRITICAL Allowed memory size of 536870912 bytes exhausted (tried to allocate 282624 bytes) in C:\Bitnami\wordpress-5.5.3-0\apps\wordpress\htdocs\wp-includes\wp-db.php on line 1999

2020-11-27T11:33:17+00:00 CRITICAL Allowed memory size of 536870912 bytes exhausted (tried to allocate 86016 bytes) in C:\Bitnami\wordpress-5.5.3-0\apps\wordpress\htdocs\wp-includes\wp-db.php on line 1999

2020-11-27T12:40:44+00:00 CRITICAL Allowed memory size of 536870912 bytes exhausted (tried to allocate 86016 bytes) in C:\Bitnami\wordpress-5.5.3-0\apps\wordpress\htdocs\wp-includes\wp-db.php on line 1999

2020-11-27T12:41:48+00:00 CRITICAL Allowed memory size of 536870912 bytes exhausted (tried to allocate 86016 bytes) in C:\Bitnami\wordpress-5.5.3-0\apps\wordpress\htdocs\wp-includes\wp-db.php on line 1999

2020-11-27T12:51:17+00:00 CRITICAL Allowed memory size of 536870912 bytes exhausted (tried to allocate 86016 bytes) in C:\Bitnami\wordpress-5.5.3-0\apps\wordpress\htdocs\wp-includes\wp-db.php on line 1999

2020-11-27T13:27:55+00:00 CRITICAL Allowed memory size of 536870912 bytes exhausted (tried to allocate 86016 bytes) in C:\Bitnami\wordpress-5.5.3-0\apps\wordpress\htdocs\wp-includes\wp-db.php on line 1999

2020-11-27T13:30:55+00:00 CRITICAL Allowed memory size of 536870912 bytes exhausted (tried to allocate 86016 bytes) in C:\Bitnami\wordpress-5.5.3-0\apps\wordpress\htdocs\wp-includes\wp-db.php on line 1999

2020-11-27T13:35:31+00:00 CRITICAL Allowed memory size of 536870912 bytes exhausted (tried to allocate 290816 bytes) in C:\Bitnami\wordpress-5.5.3-0\apps\wordpress\htdocs\wp-includes\wp-db.php on line 2033

2020-11-27T13:41:23+00:00 CRITICAL Allowed memory size of 536870912 bytes exhausted (tried to allocate 290816 bytes) in C:\Bitnami\wordpress-5.5.3-0\apps\wordpress\htdocs\wp-includes\wp-db.php on line 2033

2020-11-27T13:50:15+00:00 CRITICAL Allowed memory size of 536870912 bytes exhausted (tried to allocate 86016 bytes) in C:\Bitnami\wordpress-5.5.3-0\apps\wordpress\htdocs\wp-includes\wp-db.php on line 1999

2020-11-27T13:51:47+00:00 CRITICAL Allowed memory size of 536870912 bytes exhausted (tried to allocate 86016 bytes) in C:\Bitnami\wordpress-5.5.3-0\apps\wordpress\htdocs\wp-includes\wp-db.php on line 1999

2020-11-27T13:51:50+00:00 CRITICAL Allowed memory size of 536870912 bytes exhausted (tried to allocate 282624 bytes) in C:\Bitnami\wordpress-5.5.3-0\apps\wordpress\htdocs\wp-includes\wp-db.php on line 1999

