2020-11-19T08:44:15+00:00 ERROR Error getting remote inbox notification data feed
2020-11-19T08:44:15+00:00 ERROR WP_Error Object
(
    [errors] => Array
        (
            [http_request_failed] => Array
                (
                    [0] => cURL error 7: Failed to connect to woocommerce.com port 443: Connection refused
                )

        )

    [error_data] => Array
        (
        )

)

2020-11-19T08:44:15+00:00 ERROR Error getting remote inbox notification data feed
2020-11-19T08:44:15+00:00 ERROR WP_Error Object
(
    [errors] => Array
        (
            [http_request_failed] => Array
                (
                    [0] => cURL error 7: Failed to connect to woocommerce.com port 443: Connection refused
                )

        )

    [error_data] => Array
        (
        )

)

2020-11-19T15:17:15+00:00 ERROR Error getting remote inbox notification data feed
2020-11-19T15:17:15+00:00 ERROR WP_Error Object
(
    [errors] => Array
        (
            [http_request_failed] => Array
                (
                    [0] => cURL error 7: Failed to connect to woocommerce.com port 443: Connection refused
                )

        )

    [error_data] => Array
        (
        )

)

2020-11-19T15:17:46+00:00 ERROR Error getting remote inbox notification data feed
2020-11-19T15:17:46+00:00 ERROR WP_Error Object
(
    [errors] => Array
        (
            [http_request_failed] => Array
                (
                    [0] => cURL error 7: Failed to connect to woocommerce.com port 443: Connection refused
                )

        )

    [error_data] => Array
        (
        )

)

2020-11-19T17:24:17+00:00 ERROR Error getting remote inbox notification data feed
2020-11-19T17:24:17+00:00 ERROR WP_Error Object
(
    [errors] => Array
        (
            [http_request_failed] => Array
                (
                    [0] => cURL error 7: Failed to connect to woocommerce.com port 443: Connection refused
                )

        )

    [error_data] => Array
        (
        )

)

2020-11-19T17:29:54+00:00 ERROR Error getting remote inbox notification data feed
2020-11-19T17:29:54+00:00 ERROR WP_Error Object
(
    [errors] => Array
        (
            [http_request_failed] => Array
                (
                    [0] => cURL error 7: Failed to connect to woocommerce.com port 443: Connection refused
                )

        )

    [error_data] => Array
        (
        )

)

2020-11-19T17:39:12+00:00 ERROR Error getting remote inbox notification data feed
2020-11-19T17:39:12+00:00 ERROR WP_Error Object
(
    [errors] => Array
        (
            [http_request_failed] => Array
                (
                    [0] => cURL error 7: Failed to connect to woocommerce.com port 443: Connection refused
                )

        )

    [error_data] => Array
        (
        )

)

